Determining if the pthread_create exist failed with the following output:
Change Dir: /home/axelilvo/simplertk2b/CMakeFiles/CMakeTmp

Run Build Command:"/usr/bin/make" "cmTC_9a7e7/fast"
/usr/bin/make -f CMakeFiles/cmTC_9a7e7.dir/build.make CMakeFiles/cmTC_9a7e7.dir/build
make[1]: Entering directory '/home/axelilvo/simplertk2b/CMakeFiles/CMakeTmp'
Building C object CMakeFiles/cmTC_9a7e7.dir/CheckSymbolExists.c.o
/usr/bin/gcc-8   -g -std=gnu99 -Wall -Wno-unused-function -Wno-unused-variable -Wno-comment -Wno-unknown-pragmas -fms-extensions -fdiagnostics-color -Og    -o CMakeFiles/cmTC_9a7e7.dir/CheckSymbolExists.c.o   -c /home/axelilvo/simplertk2b/CMakeFiles/CMakeTmp/CheckSymbolExists.c
Linking C executable cmTC_9a7e7
/usr/bin/cmake -E cmake_link_script CMakeFiles/cmTC_9a7e7.dir/link.txt --verbose=1
/usr/bin/gcc-8    -g -std=gnu99 -Wall -Wno-unused-function -Wno-unused-variable -Wno-comment -Wno-unknown-pragmas -fms-extensions -fdiagnostics-color -Og     -rdynamic CMakeFiles/cmTC_9a7e7.dir/CheckSymbolExists.c.o  -o cmTC_9a7e7 
CMakeFiles/cmTC_9a7e7.dir/CheckSymbolExists.c.o: In function `main':
/home/axelilvo/simplertk2b/CMakeFiles/CMakeTmp/CheckSymbolExists.c:8: undefined reference to `pthread_create'
collect2: error: ld returned 1 exit status
CMakeFiles/cmTC_9a7e7.dir/build.make:97: recipe for target 'cmTC_9a7e7' failed
make[1]: *** [cmTC_9a7e7] Error 1
make[1]: Leaving directory '/home/axelilvo/simplertk2b/CMakeFiles/CMakeTmp'
Makefile:126: recipe for target 'cmTC_9a7e7/fast' failed
make: *** [cmTC_9a7e7/fast] Error 2

File /home/axelilvo/simplertk2b/CMakeFiles/CMakeTmp/CheckSymbolExists.c:
/* */
#include <pthread.h>

int main(int argc, char** argv)
{
  (void)argv;
#ifndef pthread_create
  return ((int*)(&pthread_create))[argc];
#else
  (void)argc;
  return 0;
#endif
}

Determining if the function pthread_create exists in the pthreads failed with the following output:
Change Dir: /home/axelilvo/simplertk2b/CMakeFiles/CMakeTmp

Run Build Command:"/usr/bin/make" "cmTC_45328/fast"
/usr/bin/make -f CMakeFiles/cmTC_45328.dir/build.make CMakeFiles/cmTC_45328.dir/build
make[1]: Entering directory '/home/axelilvo/simplertk2b/CMakeFiles/CMakeTmp'
Building C object CMakeFiles/cmTC_45328.dir/CheckFunctionExists.c.o
/usr/bin/gcc-8   -g -std=gnu99 -Wall -Wno-unused-function -Wno-unused-variable -Wno-comment -Wno-unknown-pragmas -fms-extensions -fdiagnostics-color -Og -DCHECK_FUNCTION_EXISTS=pthread_create   -o CMakeFiles/cmTC_45328.dir/CheckFunctionExists.c.o   -c /usr/share/cmake-3.10/Modules/CheckFunctionExists.c
Linking C executable cmTC_45328
/usr/bin/cmake -E cmake_link_script CMakeFiles/cmTC_45328.dir/link.txt --verbose=1
/usr/bin/gcc-8    -g -std=gnu99 -Wall -Wno-unused-function -Wno-unused-variable -Wno-comment -Wno-unknown-pragmas -fms-extensions -fdiagnostics-color -Og -DCHECK_FUNCTION_EXISTS=pthread_create    -rdynamic CMakeFiles/cmTC_45328.dir/CheckFunctionExists.c.o  -o cmTC_45328 -lpthreads 
/usr/bin/ld: cannot find -lpthreads
collect2: error: ld returned 1 exit status
CMakeFiles/cmTC_45328.dir/build.make:97: recipe for target 'cmTC_45328' failed
make[1]: *** [cmTC_45328] Error 1
make[1]: Leaving directory '/home/axelilvo/simplertk2b/CMakeFiles/CMakeTmp'
Makefile:126: recipe for target 'cmTC_45328/fast' failed
make: *** [cmTC_45328/fast] Error 2


